<?xml version="1.0" encoding="UTF-8"?>
<!-- Generated by org.testng.reporters.JUnitReportReporter -->
<testsuite hostname="DESKTOP-RLT03MQ" failures="0" tests="1" name="Tests.navigateToShopPageTEST" time="1.319" errors="0" timestamp="2022-01-14T19:20:57 EET" skipped="0">
  <testcase classname="Tests.navigateToShopPageTEST" name="clickOnShop" time="1.319"/>
  <system-out/>
</testsuite> <!-- Tests.navigateToShopPageTEST -->
